<?xml version="1.0" encoding="UTF-8"?>
<testng-results skipped="0" failed="0" total="1" passed="1">
  <reporter-output>
  </reporter-output>
  <suite name="Default suite" duration-ms="21501" started-at="2019-12-16T11:48:57Z" finished-at="2019-12-16T11:49:19Z">
    <groups>
    </groups>
    <test name="Default test" duration-ms="21501" started-at="2019-12-16T11:48:57Z" finished-at="2019-12-16T11:49:19Z">
      <class name="qsp.Launch">
        <test-method status="PASS" signature="test1()[pri:0, instance:qsp.Launch@591f989e]" name="test1" duration-ms="21490" started-at="2019-12-16T17:18:57Z" finished-at="2019-12-16T17:19:19Z">
          <reporter-output>
          </reporter-output>
        </test-method> <!-- test1 -->
      </class> <!-- qsp.Launch -->
    </test> <!-- Default test -->
  </suite> <!-- Default suite -->
</testng-results>
